file /cygdrive/c/werk/craft2/SConstruct_config.py,line 84:
	Configure(confdir = .sconf_temp)
scons: Configure: Checking for glLoadIdentity() in C++ library opengl32... 
scons: Configure: ".sconf_temp/conftest_0.cpp" is up to date.
scons: Configure: The original builder output was:
  |.sconf_temp/conftest_0.cpp <-
  |  |
  |  |
  |  |#include "GL/gl.h"
  |  |
  |  |int
  |  |main() {
  |  |  glLoadIdentity();
  |  |return 0;
  |  |}
  |  |
  |
scons: Configure: ".sconf_temp/conftest_0.o" is up to date.
scons: Configure: The original builder output was:
  |nice ./ewrap .sconf_temp/conftest_0.o g++ -o .sconf_temp/conftest_0.o -c -Wall -Wno-sign-compare -Wno-uninitialized -g -O2 -mno-cygwin -mno-cygwin -mno-cygwin -DDPRINTF_MARKUP -DWIN32 -Iglop/Glop/cygwin/include -Ilua/include -I/usr/mingw/local/include .sconf_temp/conftest_0.cpp
  |
scons: Configure: ".sconf_temp/conftest_0.exe" is up to date.
scons: Configure: The original builder output was:
  |nice ./ewrap .sconf_temp/conftest_0.exe g++ -o .sconf_temp/conftest_0.exe -g -O2 -Wl,--as-needed -mwindows -mno-cygwin .sconf_temp/conftest_0.o -Lglop/Glop/cygwin/lib -L/lib/mingw -Llua/lib -L/usr/mingw/local/lib -lopengl32
  |
scons: Configure: (cached) yes

scons: Configure: Checking for main() in C++ library freetype... 
scons: Configure: ".sconf_temp/conftest_1.cpp" is up to date.
scons: Configure: The original builder output was:
  |.sconf_temp/conftest_1.cpp <-
  |  |
  |  |
  |  |#include "ft2build.h"
  |  |
  |  |int
  |  |main() {
  |  |  main();
  |  |return 0;
  |  |}
  |  |
  |
scons: Configure: ".sconf_temp/conftest_1.o" is up to date.
scons: Configure: The original builder output was:
  |nice ./ewrap .sconf_temp/conftest_1.o g++ -o .sconf_temp/conftest_1.o -c -Wall -Wno-sign-compare -Wno-uninitialized -g -O2 -mno-cygwin -mno-cygwin -mno-cygwin -DDPRINTF_MARKUP -DWIN32 -Iglop/Glop/cygwin/include -Ilua/include -I/usr/mingw/local/include .sconf_temp/conftest_1.cpp
  |
scons: Configure: ".sconf_temp/conftest_1.exe" is up to date.
scons: Configure: The original builder output was:
  |nice ./ewrap .sconf_temp/conftest_1.exe g++ -o .sconf_temp/conftest_1.exe -g -O2 -Wl,--as-needed -mwindows -mno-cygwin .sconf_temp/conftest_1.o -Lglop/Glop/cygwin/lib -L/lib/mingw -Llua/lib -L/usr/mingw/local/lib -lfreetype
  |
scons: Configure: (cached) yes

scons: Configure: Checking for C++ header file boost/noncopyable.hpp... 
scons: Configure: ".sconf_temp/conftest_2.cpp" is up to date.
scons: Configure: The original builder output was:
  |.sconf_temp/conftest_2.cpp <-
  |  |
  |  |#include <boost/noncopyable.hpp>
  |  |
  |  |
  |
scons: Configure: ".sconf_temp/conftest_2.o" is up to date.
scons: Configure: The original builder output was:
  |nice ./ewrap .sconf_temp/conftest_2.o g++ -o .sconf_temp/conftest_2.o -c -Wall -Wno-sign-compare -Wno-uninitialized -g -O2 -mno-cygwin -mno-cygwin -mno-cygwin -DDPRINTF_MARKUP -DWIN32 -Iglop/Glop/cygwin/include -Ilua/include -I/usr/mingw/local/include -I/usr/mingw/local/include/boost-1_38_0 .sconf_temp/conftest_2.cpp
  |
scons: Configure: (cached) yes

scons: Configure: Checking for lua_open() in C++ library lua... 
scons: Configure: ".sconf_temp/conftest_3.cpp" is up to date.
scons: Configure: The original builder output was:
  |.sconf_temp/conftest_3.cpp <-
  |  |
  |  |
  |  |#include "lua.hpp"
  |  |
  |  |int
  |  |main() {
  |  |  lua_open();
  |  |return 0;
  |  |}
  |  |
  |
scons: Configure: ".sconf_temp/conftest_3.o" is up to date.
scons: Configure: The original builder output was:
  |nice ./ewrap .sconf_temp/conftest_3.o g++ -o .sconf_temp/conftest_3.o -c -Wall -Wno-sign-compare -Wno-uninitialized -g -O2 -mno-cygwin -mno-cygwin -mno-cygwin -DDPRINTF_MARKUP -DWIN32 -Iglop/Glop/cygwin/include -Ilua/include -I/usr/mingw/local/include -I/usr/mingw/local/include/boost-1_38_0 .sconf_temp/conftest_3.cpp
  |
scons: Configure: ".sconf_temp/conftest_3.exe" is up to date.
scons: Configure: The original builder output was:
  |nice ./ewrap .sconf_temp/conftest_3.exe g++ -o .sconf_temp/conftest_3.exe -g -O2 -Wl,--as-needed -mwindows -mno-cygwin .sconf_temp/conftest_3.o -Lglop/Glop/cygwin/lib -L/lib/mingw -Llua/lib -L/usr/mingw/local/lib -llua
  |
scons: Configure: (cached) yes

scons: Configure: Checking for luabind::open(NULL) in C++ library None... 
scons: Configure: ".sconf_temp/conftest_4.cpp" is up to date.
scons: Configure: The original builder output was:
  |.sconf_temp/conftest_4.cpp <-
  |  |
  |  |
  |  |#include "luabind/luabind.hpp"
  |  |
  |  |int
  |  |main() {
  |  |  luabind::open(NULL);
  |  |return 0;
  |  |}
  |  |
  |
scons: Configure: ".sconf_temp/conftest_4.o" is up to date.
scons: Configure: The original builder output was:
  |nice ./ewrap .sconf_temp/conftest_4.o g++ -o .sconf_temp/conftest_4.o -c -Wall -Wno-sign-compare -Wno-uninitialized -g -O2 -mno-cygwin -mno-cygwin -mno-cygwin -DDPRINTF_MARKUP -DWIN32 -Iglop/Glop/cygwin/include -Ilua/include -I/usr/mingw/local/include -I/usr/mingw/local/include/boost-1_38_0 .sconf_temp/conftest_4.cpp
  |
scons: Configure: ".sconf_temp/conftest_4.exe" is up to date.
scons: Configure: The original builder output was:
  |nice ./ewrap .sconf_temp/conftest_4.exe g++ -o .sconf_temp/conftest_4.exe -g -O2 -Wl,--as-needed -mwindows -mno-cygwin .sconf_temp/conftest_4.o -Lglop/Glop/cygwin/lib -L/lib/mingw -Llua/lib -L/usr/mingw/local/lib -lluabind -llua
  |
scons: Configure: (cached) yes


